[22:43:52] [modloading-worker-0/INFO] ========================================
[22:43:52] [modloading-worker-0/INFO] Minecraft: 1.20.1
[22:43:52] [modloading-worker-0/INFO] Side: server
[22:43:52] [modloading-worker-0/INFO] Development: false
[22:43:53] [modloading-worker-0/INFO] Version: 12.0.684
[22:43:53] [modloading-worker-0/INFO] Loader:
[22:43:53] [modloading-worker-0/INFO] - Forge: 47.2.20
[22:43:53] [modloading-worker-0/INFO] Dependencies:
[22:43:53] [modloading-worker-0/INFO] - Cloth Config: 11.1.118
[22:43:53] [modloading-worker-0/INFO] - Architectury: 9.2.14
[22:43:53] [modloading-worker-0/INFO] Mixin: 0.8.5
[22:43:53] [modloading-worker-0/INFO] OS: Linux 6.2.0-1019-azure (amd64)
[22:43:53] [modloading-worker-0/INFO] Java: 21.0.2 (Microsoft)
[22:43:53] [modloading-worker-0/INFO] ========================================
[22:43:53] [modloading-worker-0/INFO] Mods:
[22:43:53] [modloading-worker-0/INFO] - additional_lights: 2.1.7
[22:43:53] [modloading-worker-0/INFO] - advancementplaques: 1.5.1
[22:43:53] [modloading-worker-0/INFO] - alexsmobs: 1.22.7
[22:43:53] [modloading-worker-0/INFO] - amendments: 1.20-1.1.7
[22:43:53] [modloading-worker-0/INFO] - aquaculture: 2.5.1
[22:43:53] [modloading-worker-0/INFO] - aquamirae: 6.API15
[22:43:53] [modloading-worker-0/INFO] - architectury: 9.2.14
[22:43:53] [modloading-worker-0/INFO] - artifacts: 9.3.0
[22:43:53] [modloading-worker-0/INFO] - athena: 3.1.1
[22:43:53] [modloading-worker-0/INFO] - attributefix: 21.0.4
[22:43:53] [modloading-worker-0/INFO] - automessage: 2.2.0
[22:43:53] [modloading-worker-0/INFO] - backpacked: 2.2.5
[22:43:53] [modloading-worker-0/INFO] - badpackets: 0.4.3
[22:43:53] [modloading-worker-0/INFO] - bagus_lib: 1.20.1-4.4.0
[22:43:53] [modloading-worker-0/INFO] - balm: 7.2.2
[22:43:53] [modloading-worker-0/INFO] - betterdeserttemples: 1.20-Forge-3.0.3
[22:43:53] [modloading-worker-0/INFO] - betterdungeons: 1.20-Forge-4.0.3
[22:43:53] [modloading-worker-0/INFO] - betterendisland: 1.20-Forge-2.0.5
[22:43:53] [modloading-worker-0/INFO] - betterfortresses: 1.20-Forge-2.0.5
[22:43:53] [modloading-worker-0/INFO] - betterjungletemples: 1.20-Forge-2.0.4
[22:43:53] [modloading-worker-0/INFO] - bettermineshafts: 1.20-Forge-4.0.4
[22:43:53] [modloading-worker-0/INFO] - betteroceanmonuments: 1.20-Forge-3.0.4
[22:43:53] [modloading-worker-0/INFO] - betterstrongholds: 1.20-Forge-4.0.3
[22:43:53] [modloading-worker-0/INFO] - biomesoplenty: 18.0.0.592
[22:43:53] [modloading-worker-0/INFO] - bookshelf: 20.1.9
[22:43:53] [modloading-worker-0/INFO] - brutalbosses: 1.20.1-6.8
[22:43:53] [modloading-worker-0/INFO] - butchersdelight: 1.20.12.0.9
[22:43:53] [modloading-worker-0/INFO] - bygonenether: 1.3.2
[22:43:53] [modloading-worker-0/INFO] - camera: 1.20.1-1.0.6
[22:43:53] [modloading-worker-0/INFO] - carryon: 2.1.2.7
[22:43:53] [modloading-worker-0/INFO] - cataclysm: 1.0
[22:43:53] [modloading-worker-0/INFO] - cfm: 7.0.0-pre36
[22:43:53] [modloading-worker-0/INFO] - chipped: 3.0.4
[22:43:53] [modloading-worker-0/INFO] - chiselsandbits: 1.4.147
[22:43:53] [modloading-worker-0/INFO] - citadel: 2.5.4
[22:43:53] [modloading-worker-0/INFO] - cloth_config: 11.1.118
[22:43:53] [modloading-worker-0/INFO] - collective: 7.36
[22:43:53] [modloading-worker-0/INFO] - colourfulearth: 1.20.1-2.1
[22:43:53] [modloading-worker-0/INFO] - comforts: 6.3.5+1.20.1
[22:43:53] [modloading-worker-0/INFO] - commongroovylibrary: 0.3.3
[22:43:53] [modloading-worker-0/INFO] - connectedglass: 1.1.11
[22:43:53] [modloading-worker-0/INFO] - cookingforblockheads: 16.0.3
[22:43:53] [modloading-worker-0/INFO] - cosmeticarmorreworked: 1.20.1-v1a
[22:43:53] [modloading-worker-0/INFO] - crabclaws: 1.0.0
[22:43:53] [modloading-worker-0/INFO] - craftingtweaks: 18.2.3
[22:43:53] [modloading-worker-0/INFO] - crafttweaker: 14.0.36
[22:43:53] [modloading-worker-0/INFO] - crashutilities: 8.1.4
[22:43:53] [modloading-worker-0/INFO] - create: 0.5.1.f
[22:43:53] [modloading-worker-0/INFO] - creativecore: 2.11.24
[22:43:53] [modloading-worker-0/INFO] - creeperoverhaul: 3.0.2
[22:43:53] [modloading-worker-0/INFO] - croptopia: 3.0.4
[22:43:53] [modloading-worker-0/INFO] - cupboard: 1.20.1-2.5
[22:43:53] [modloading-worker-0/INFO] - curios: 5.7.0+1.20.1
[22:43:53] [modloading-worker-0/INFO] - dangerclose: 2.2.4-1.20.1_forge
[22:43:53] [modloading-worker-0/INFO] - darkutils: 17.0.3
[22:43:53] [modloading-worker-0/INFO] - decorative_blocks: 4.0.2
[22:43:53] [modloading-worker-0/INFO] - disenchanting_table: 1.20.1-forge-2.1.0
[22:43:53] [modloading-worker-0/INFO] - doggytalents: 1.18.8
[22:43:53] [modloading-worker-0/INFO] - dramaticdoors: 1.20.1-3.1.5
[22:43:53] [modloading-worker-0/INFO] - duckling: 3.0.0
[22:43:53] [modloading-worker-0/INFO] - dungeoncrawl: 2.3.14
[22:43:53] [modloading-worker-0/INFO] - dungeons_arise: 2.1.58-1.20.x
[22:43:53] [modloading-worker-0/INFO] - eatanomelette: 1.4.0
[22:43:53] [modloading-worker-0/INFO] - eatinganimation: 5.0.0
[22:43:53] [modloading-worker-0/INFO] - elevatorid: 1.20.1-lex-1.9
[22:43:53] [modloading-worker-0/INFO] - emotecraft: 2.2.7-b.build.50
[22:43:53] [modloading-worker-0/INFO] - enderpack: 1.20.1-forge-1.0.2
[22:43:53] [modloading-worker-0/INFO] - epherolib: 0.1.2
[22:43:53] [modloading-worker-0/INFO] - epicpowerbracelets: 1.0.0
[22:43:53] [modloading-worker-0/INFO] - exclusive_weapons_armor_and_tools: 2.1.0
[22:43:53] [modloading-worker-0/INFO] - expandability: 9.0.0
[22:43:53] [modloading-worker-0/INFO] - eyesinthedarkness: 1.3.10
[22:43:53] [modloading-worker-0/INFO] - farmersdelight: 1.20.1-1.2.4
[22:43:53] [modloading-worker-0/INFO] - fastbench: 8.0.4
[22:43:53] [modloading-worker-0/INFO] - fastfurnace: 8.0.1
[22:43:53] [modloading-worker-0/INFO] - fastsuite: 5.0.1
[22:43:53] [modloading-worker-0/INFO] - ferritecore: 6.0.1
[22:43:53] [modloading-worker-0/INFO] - flywheel: 0.6.10-7
[22:43:53] [modloading-worker-0/INFO] - forge: 47.2.20
[22:43:53] [modloading-worker-0/INFO] - framedblocks: 9.2.0
[22:43:53] [modloading-worker-0/INFO] - framework: 0.6.26
[22:43:53] [modloading-worker-0/INFO] - friendsandfoes: 2.0.9
[22:43:53] [modloading-worker-0/INFO] - fusion: 1.1.1
[22:43:53] [modloading-worker-0/INFO] - geckolib: 4.4.2
[22:43:53] [modloading-worker-0/INFO] - gml: 4.0.9
[22:43:53] [modloading-worker-0/INFO] - goblintraders: 1.9.3
[22:43:53] [modloading-worker-0/INFO] - goldenfoods: 2.2.0
[22:43:53] [modloading-worker-0/INFO] - healthywater: 1.20.1-forge-1.0.0
[22:43:53] [modloading-worker-0/INFO] - hiddennames: 1.20.1-1.0.2
[22:43:53] [modloading-worker-0/INFO] - highlighter: 1.1.9
[22:43:53] [modloading-worker-0/INFO] - iceberg: 1.1.21
[22:43:53] [modloading-worker-0/INFO] - incapacitated: 1.20.1-1.4.4.2
[22:43:53] [modloading-worker-0/INFO] - infernalmobs: 1.20.1.2
[22:43:53] [modloading-worker-0/INFO] - iron_ender_chests: 1.20-1.0.2
[22:43:53] [modloading-worker-0/INFO] - ironchest: 1.20.1-14.4.4
[22:43:53] [modloading-worker-0/INFO] - jade: 11.7.1
[22:43:53] [modloading-worker-0/INFO] - jei: 15.9999
[22:43:53] [modloading-worker-0/INFO] - journeymap: 5.9.18p1
[22:43:53] [modloading-worker-0/INFO] - k_turrets: 3.0.21-1.20.1
[22:43:53] [modloading-worker-0/INFO] - konkrete: 1.8.0
[22:43:53] [modloading-worker-0/INFO] - kotlinforforge: 4.10.0
[22:43:53] [modloading-worker-0/INFO] - loadingbackgrounds: 1.1.0
[22:43:53] [modloading-worker-0/INFO] - luckytntlib: 46.0.1.4
[22:43:53] [modloading-worker-0/INFO] - luckytntmod: 2.3
[22:43:53] [modloading-worker-0/INFO] - macawsbridgesbop: 1.20-1.1
[22:43:53] [modloading-worker-0/INFO] - macawsroofsbop: 1.20-1.0
[22:43:53] [modloading-worker-0/INFO] - magistuarmory: 8.11
[22:43:53] [modloading-worker-0/INFO] - mca: 7.5.14+1.20.1
[22:43:53] [modloading-worker-0/INFO] - mcwbridges: 2.1.1
[22:43:53] [modloading-worker-0/INFO] - mcwdoors: 1.1.0
[22:43:53] [modloading-worker-0/INFO] - mcwfences: 1.1.1
[22:43:53] [modloading-worker-0/INFO] - mcwfencesbop: 1.20-1.0
[22:43:53] [modloading-worker-0/INFO] - mcwfurnitures: 3.2.2
[22:43:53] [modloading-worker-0/INFO] - mcwfurnituresbop: 1.20-1.1
[22:43:53] [modloading-worker-0/INFO] - mcwlights: 1.0.6
[22:43:53] [modloading-worker-0/INFO] - mcwpaintings: 1.0.5
[22:43:53] [modloading-worker-0/INFO] - mcwpaths: 1.0.4
[22:43:53] [modloading-worker-0/INFO] - mcwroofs: 2.3.0
[22:43:53] [modloading-worker-0/INFO] - mcwtrpdoors: 1.1.2
[22:43:53] [modloading-worker-0/INFO] - mcwwindows: 2.2.1
[22:43:53] [modloading-worker-0/INFO] - medieval_buildings: 1.0.2
[22:43:53] [modloading-worker-0/INFO] - medievalend: 1.0.0
[22:43:53] [modloading-worker-0/INFO] - melody: 1.0.2
[22:43:53] [modloading-worker-0/INFO] - minecraft: 1.20.1
[22:43:53] [modloading-worker-0/INFO] - minetraps: 2.3.0
[22:43:53] [modloading-worker-0/INFO] - mixinextras: 0.2.0-beta.7
[22:43:53] [modloading-worker-0/INFO] - mixinsquared: 0.1.1
[22:43:53] [modloading-worker-0/INFO] - mobdropsrecipes_end: 1.0.1
[22:43:53] [modloading-worker-0/INFO] - mobdropsrecipes_nether: 1.0.1
[22:43:53] [modloading-worker-0/INFO] - mobdropsrecipes_overworld: 1.0.1
[22:43:53] [modloading-worker-0/INFO] - modernlife: 1.20.1-1.64
[22:43:53] [modloading-worker-0/INFO] - modonomicon: 1.62.0
[22:43:53] [modloading-worker-0/INFO] - monolib: 1.0.0
[22:43:53] [modloading-worker-0/INFO] - moonlight: 1.20-2.10.10
[22:43:53] [modloading-worker-0/INFO] - morebeautifultorches: 2.5.2-1.20.1_forge
[22:43:53] [modloading-worker-0/INFO] - morebowsandarrows: 3.0.1
[22:43:53] [modloading-worker-0/INFO] - morevanillaarmor: 1.20.1-5.1.2
[22:43:53] [modloading-worker-0/INFO] - moyai: 1.20-2.1.4
[22:43:53] [modloading-worker-0/INFO] - multibeds: 1.20.1-1.1
[22:43:53] [modloading-worker-0/INFO] - netherskeletons: 4.9
[22:43:53] [modloading-worker-0/INFO] - newshieldvariants: 1.2.0
[22:43:53] [modloading-worker-0/INFO] - newslabvariants: 2.1.0
[22:43:53] [modloading-worker-0/INFO] - obscure_api: 15
[22:43:53] [modloading-worker-0/INFO] - obsidianboat: 3.1.4
[22:43:53] [modloading-worker-0/INFO] - occultism: 1.119.0
[22:43:53] [modloading-worker-0/INFO] - overweight_farming: 1.20.1-2.1.0-forge
[22:43:53] [modloading-worker-0/INFO] - paraglider: 20.1.3
[22:43:53] [modloading-worker-0/INFO] - patchouli: 1.20.1-84-FORGE
[22:43:53] [modloading-worker-0/INFO] - pigpen: 15.0.2
[22:43:53] [modloading-worker-0/INFO] - placebo: 8.6.1
[22:43:53] [modloading-worker-0/INFO] - playeranimator: 1.0.2-rc1+1.20
[22:43:53] [modloading-worker-0/INFO] - plushies: 1.4.0
[22:43:53] [modloading-worker-0/INFO] - polymorph: 0.49.2+1.20.1
[22:43:53] [modloading-worker-0/INFO] - prism: 1.0.5
[22:43:53] [modloading-worker-0/INFO] - puzzlesaccessapi: 8.0.7
[22:43:53] [modloading-worker-0/INFO] - puzzleslib: 8.1.17
[22:43:53] [modloading-worker-0/INFO] - reap: 1.20.1-1.0.2
[22:43:53] [modloading-worker-0/INFO] - rei_plugin_compatibilities: 12.0.93
[22:43:53] [modloading-worker-0/INFO] - repurposed_structures: 7.1.13+1.20.1-forge
[22:43:53] [modloading-worker-0/INFO] - resourcefulconfig: 2.1.2
[22:43:53] [modloading-worker-0/INFO] - resourcefullib: 2.1.23
[22:43:53] [modloading-worker-0/INFO] - roughlyenoughitems: 12.0.684
[22:43:53] [modloading-worker-0/INFO] - runelic: 18.0.2
[22:43:53] [modloading-worker-0/INFO] - satako: 7.0.16-1.20.1
[22:43:53] [modloading-worker-0/INFO] - scena: 1.0.103
[22:43:53] [modloading-worker-0/INFO] - searchlight: 1.1.11
[22:43:53] [modloading-worker-0/INFO] - securitycraft: 1.9.8
[22:43:53] [modloading-worker-0/INFO] - shetiphiancore: 1.20.1-1.2
[22:43:53] [modloading-worker-0/INFO] - signpost: 2.02.0
[22:43:53] [modloading-worker-0/INFO] - skinnedlanterns: 1.20.1-1.3.5
[22:43:53] [modloading-worker-0/INFO] - smartbrainlib: 1.13
[22:43:53] [modloading-worker-0/INFO] - snowundertrees: 1.4.3
[22:43:53] [modloading-worker-0/INFO] - sophisticatedbackpacks: 3.20.2.1022
[22:43:53] [modloading-worker-0/INFO] - sophisticatedcore: 0.6.7.561
[22:43:53] [modloading-worker-0/INFO] - spectrelib: 0.13.15+1.20.1
[22:43:53] [modloading-worker-0/INFO] - stackablestewandsoup: 1.3.0
[22:43:53] [modloading-worker-0/INFO] - startinv: 1.0.0
[22:43:53] [modloading-worker-0/INFO] - super_ore_block: 4.1.0
[22:43:53] [modloading-worker-0/INFO] - supermartijn642configlib: 1.1.8
[22:43:53] [modloading-worker-0/INFO] - supermartijn642corelib: 1.1.17
[22:43:53] [modloading-worker-0/INFO] - supplementaries: 1.20-2.8.6
[22:43:53] [modloading-worker-0/INFO] - terrablender: 3.0.1.4
[22:43:53] [modloading-worker-0/INFO] - theurgy: 1.17.1
[22:43:53] [modloading-worker-0/INFO] - timeondisplay: 2.0.0
[22:43:53] [modloading-worker-0/INFO] - tombstone: 8.6.3
[22:43:53] [modloading-worker-0/INFO] - toolbelt: 1.20.0
[22:43:53] [modloading-worker-0/INFO] - torchmaster: 20.1.5
[22:43:53] [modloading-worker-0/INFO] - trapcraft: 2.10.2
[22:43:53] [modloading-worker-0/INFO] - trashslot: 15.1.0
[22:43:53] [modloading-worker-0/INFO] - trenzalore: 3.3.10
[22:43:53] [modloading-worker-0/INFO] - trimeffects: 1.1.1-forge
[22:43:53] [modloading-worker-0/INFO] - tropicraft: 9.6.3
[22:43:53] [modloading-worker-0/INFO] - unpaused: 1.20.1-forge-1.0.1
[22:43:53] [modloading-worker-0/INFO] - untamedwilds: 4.0.4
[22:43:53] [modloading-worker-0/INFO] - usefulbackpacks: 2.0.1.122
[22:43:53] [modloading-worker-0/INFO] - uteamcore: 5.1.4.269
[22:43:53] [modloading-worker-0/INFO] - visualworkbench: 8.0.0
[22:43:53] [modloading-worker-0/INFO] - voicechat: 1.20.1-2.4.32
[22:43:53] [modloading-worker-0/INFO] - witherstormmod: 4.0.1.1
[22:43:53] [modloading-worker-0/INFO] - xercamod: 1.20.1-1.0.0
[22:43:53] [modloading-worker-0/INFO] - yungsapi: 1.20-Forge-4.0.4
[22:43:53] [modloading-worker-0/INFO] - yungsbridges: 1.20-Forge-4.0.3
[22:43:53] [modloading-worker-0/INFO] - yungsextras: 1.20-Forge-4.0.3
[22:43:53] [modloading-worker-0/INFO] ========================================
[22:43:53] [modloading-worker-0/INFO] [REI] Registered plugin provider DefaultPluginImpl [roughlyenoughitems] for REIServerPlugin
[22:43:53] [modloading-worker-0/INFO] [REI] Registered plugin provider DefaultPluginImpl [roughlyenoughitems] for REIPlugin
[22:43:53] [modloading-worker-0/INFO] [REI] Registered plugin provider DefaultRuntimePlugin [roughlyenoughitems] for REIServerPlugin
[22:43:53] [modloading-worker-0/INFO] [REI] Registered plugin provider DefaultRuntimePlugin [roughlyenoughitems] for REIPlugin
[22:44:24] [Worker-Main-2/DEBUG] [REI] Processed 31 tags in 1.189 ms for minecraft:banner_pattern
[22:44:24] [Worker-Main-3/DEBUG] [REI] Processed 3 tags in 113.8 μs for minecraft:instrument
[22:44:24] [Worker-Main-3/DEBUG] [REI] Processed 0 tags in 18.28 μs for minecraft:damage_type
[22:44:24] [Worker-Main-2/DEBUG] [REI] Processed 1 tags in 84.82 μs for minecraft:painting_variant
[22:44:24] [Worker-Main-2/DEBUG] [REI] Processed 2 tags in 31.26 μs for minecraft:cat_variant
[22:44:24] [Worker-Main-3/DEBUG] [REI] Processed 2 tags in 30.56 μs for minecraft:mob_effect
[22:44:24] [Worker-Main-2/DEBUG] [REI] Processed 0 tags in 7.554 μs for moonlight:soft_fluids
[22:44:24] [Worker-Main-2/DEBUG] [REI] Processed 5 tags in 139.8 μs for minecraft:game_event
[22:44:24] [Worker-Main-3/DEBUG] [REI] Processed 1 tags in 12.12 μs for minecraft:potion
[22:44:24] [Worker-Main-3/DEBUG] [REI] Processed 0 tags in 48.47 μs for minecraft:worldgen/structure
[22:44:24] [Worker-Main-3/DEBUG] [REI] Processed 0 tags in 8.135 μs for minecraft:worldgen/world_preset
[22:44:24] [Worker-Main-3/DEBUG] [REI] Processed 1 tags in 48.77 μs for minecraft:recipe_serializer
[22:44:24] [Worker-Main-3/DEBUG] [REI] Processed 0 tags in 116.6 μs for minecraft:worldgen/structure_set
[22:44:24] [Worker-Main-4/DEBUG] [REI] Processed 0 tags in 149.1 μs for minecraft:worldgen/biome
[22:44:24] [Worker-Main-4/DEBUG] [REI] Processed 5 tags in 145.1 μs for minecraft:point_of_interest_type
[22:44:24] [Worker-Main-4/DEBUG] [REI] Processed 0 tags in 9.327 μs for minecraft:worldgen/flat_level_generator_preset
[22:44:24] [Worker-Main-4/DEBUG] [REI] Processed 116 tags in 1.283 ms for minecraft:entity_type
[22:44:24] [Worker-Main-4/DEBUG] [REI] Processed 0 tags in 7.934 μs for minecraft:dimension_type
[22:44:24] [Worker-Main-4/DEBUG] [REI] Processed 15 tags in 82.93 μs for minecraft:fluid
[22:44:25] [Worker-Main-2/DEBUG] [REI] Processed 1789 tags in 20.85 ms for minecraft:item
[22:44:25] [Worker-Main-3/DEBUG] [REI] Processed 948 tags in 23.80 ms for minecraft:block
[22:44:28] [main/DEBUG] [REI] ========================================
[22:44:28] [main/DEBUG] [REI] REIPlugin starting pre-reload for START.
[22:44:28] [main/DEBUG] [REI] Reloadables (7):
[22:44:28] [main/DEBUG] [REI]  - EntryTypeRegistryImpl
[22:44:28] [main/DEBUG] [REI]  - EntrySettingsAdapterRegistryImpl
[22:44:28] [main/DEBUG] [REI]  - RecipeManagerContextImpl
[22:44:28] [main/DEBUG] [REI]  - ItemComparatorRegistryImpl
[22:44:28] [main/DEBUG] [REI]  - FluidComparatorRegistryImpl
[22:44:28] [main/DEBUG] [REI]  - DisplaySerializerRegistryImpl
[22:44:28] [main/DEBUG] [REI]  - FluidSupportProviderImpl
[22:44:28] [main/DEBUG] [REI] Plugins (2):
[22:44:28] [main/DEBUG] [REI]  - (-100.00) DefaultPluginImpl of DefaultPluginImpl [roughlyenoughitems]
[22:44:28] [main/DEBUG] [REI]  - (0.00) DefaultRuntimePlugin of DefaultRuntimePlugin [roughlyenoughitems]
[22:44:28] [main/DEBUG] [REI] ========================================
[22:44:28] [main/TRACE] [REI] [REIPlugin START] Reloading Section: "pre-register/"
[22:44:28] [main/TRACE] [REI] [REIPlugin START] Reloading Section: "pre-register/DefaultPluginImpl of DefaultPluginImpl [roughlyenoughitems]/"
[22:44:28] [main/TRACE] [REI] [REIPlugin START] Reloading Section: "pre-register/DefaultPluginImpl of DefaultPluginImpl [roughlyenoughitems]/" done in 969.7 μs
[22:44:28] [main/TRACE] [REI] [REIPlugin START] Reloading Section: "pre-register/DefaultRuntimePlugin of DefaultRuntimePlugin [roughlyenoughitems]/"
[22:44:28] [main/TRACE] [REI] [REIPlugin START] Reloading Section: "pre-register/DefaultRuntimePlugin of DefaultRuntimePlugin [roughlyenoughitems]/" done in 12.32 μs
[22:44:28] [main/TRACE] [REI] [REIPlugin START] Reloading Section: "pre-register/" done in 31.98 ms
[22:44:28] [main/TRACE] [REI] [REIPlugin START] Reloading Section: "pre-stage/"
[22:44:28] [main/TRACE] [REI] [REIPlugin START] Reloading Section: "pre-stage/EntryTypeRegistryImpl/"
[22:44:28] [main/TRACE] [REI] [REIPlugin START] Reloading Section: "pre-stage/EntryTypeRegistryImpl/" done in 219.4 μs
[22:44:28] [main/TRACE] [REI] [REIPlugin START] Reloading Section: "pre-stage/EntrySettingsAdapterRegistryImpl/"
[22:44:28] [main/TRACE] [REI] [REIPlugin START] Reloading Section: "pre-stage/EntrySettingsAdapterRegistryImpl/" done in 7.223 μs
[22:44:28] [main/TRACE] [REI] [REIPlugin START] Reloading Section: "pre-stage/RecipeManagerContextImpl/"
[22:44:28] [main/TRACE] [REI] [REIPlugin START] Reloading Section: "pre-stage/RecipeManagerContextImpl/" done in 7.023 μs
[22:44:28] [main/TRACE] [REI] [REIPlugin START] Reloading Section: "pre-stage/ItemComparatorRegistryImpl/"
[22:44:28] [main/TRACE] [REI] [REIPlugin START] Reloading Section: "pre-stage/ItemComparatorRegistryImpl/" done in 6.983 μs
[22:44:28] [main/TRACE] [REI] [REIPlugin START] Reloading Section: "pre-stage/FluidComparatorRegistryImpl/"
[22:44:28] [main/TRACE] [REI] [REIPlugin START] Reloading Section: "pre-stage/FluidComparatorRegistryImpl/" done in 6.251 μs
[22:44:28] [main/TRACE] [REI] [REIPlugin START] Reloading Section: "pre-stage/DisplaySerializerRegistryImpl/"
[22:44:28] [main/TRACE] [REI] [REIPlugin START] Reloading Section: "pre-stage/DisplaySerializerRegistryImpl/" done in 6.412 μs
[22:44:28] [main/TRACE] [REI] [REIPlugin START] Reloading Section: "pre-stage/FluidSupportProviderImpl/"
[22:44:28] [main/TRACE] [REI] [REIPlugin START] Reloading Section: "pre-stage/FluidSupportProviderImpl/" done in 6.922 μs
[22:44:28] [main/TRACE] [REI] [REIPlugin START] Reloading Section: "pre-stage/" done in 1.261 ms
[22:44:28] [main/DEBUG] [REI] ========================================
[22:44:28] [main/DEBUG] [REI] REIPlugin finished pre-reload for START in 34.34 ms.
[22:44:28] [main/DEBUG] [REI] ========================================
[22:44:28] [main/DEBUG] [REI] ========================================
[22:44:28] [main/DEBUG] [REI] REIServerPlugin starting pre-reload for START.
[22:44:28] [main/DEBUG] [REI] Reloadables (2):
[22:44:28] [main/DEBUG] [REI]  - MenuInfoRegistryImpl
[22:44:28] [main/DEBUG] [REI]  - SlotAccessorRegistryImpl
[22:44:28] [main/DEBUG] [REI] Plugins (2):
[22:44:28] [main/DEBUG] [REI]  - (-100.00) DefaultPluginImpl of DefaultPluginImpl [roughlyenoughitems]
[22:44:28] [main/DEBUG] [REI]  - (0.00) DefaultRuntimePlugin of DefaultRuntimePlugin [roughlyenoughitems]
[22:44:28] [main/DEBUG] [REI] ========================================
[22:44:28] [main/TRACE] [REI] [REIServerPlugin START] Reloading Section: "pre-register/"
[22:44:28] [main/TRACE] [REI] [REIServerPlugin START] Reloading Section: "pre-register/DefaultPluginImpl of DefaultPluginImpl [roughlyenoughitems]/"
[22:44:28] [main/TRACE] [REI] [REIServerPlugin START] Reloading Section: "pre-register/DefaultPluginImpl of DefaultPluginImpl [roughlyenoughitems]/" done in 18.73 μs
[22:44:28] [main/TRACE] [REI] [REIServerPlugin START] Reloading Section: "pre-register/DefaultRuntimePlugin of DefaultRuntimePlugin [roughlyenoughitems]/"
[22:44:28] [main/TRACE] [REI] [REIServerPlugin START] Reloading Section: "pre-register/DefaultRuntimePlugin of DefaultRuntimePlugin [roughlyenoughitems]/" done in 7.704 μs
[22:44:28] [main/TRACE] [REI] [REIServerPlugin START] Reloading Section: "pre-register/" done in 296.4 μs
[22:44:28] [main/TRACE] [REI] [REIServerPlugin START] Reloading Section: "pre-stage/"
[22:44:28] [main/TRACE] [REI] [REIServerPlugin START] Reloading Section: "pre-stage/MenuInfoRegistryImpl/"
[22:44:28] [main/TRACE] [REI] [REIServerPlugin START] Reloading Section: "pre-stage/MenuInfoRegistryImpl/" done in 6.833 μs
[22:44:28] [main/TRACE] [REI] [REIServerPlugin START] Reloading Section: "pre-stage/SlotAccessorRegistryImpl/"
[22:44:28] [main/TRACE] [REI] [REIServerPlugin START] Reloading Section: "pre-stage/SlotAccessorRegistryImpl/" done in 6.322 μs
[22:44:28] [main/TRACE] [REI] [REIServerPlugin START] Reloading Section: "pre-stage/" done in 230.8 μs
[22:44:28] [main/DEBUG] [REI] ========================================
[22:44:28] [main/DEBUG] [REI] REIServerPlugin finished pre-reload for START in 745.8 μs.
[22:44:28] [main/DEBUG] [REI] ========================================
[22:44:28] [main/INFO] [REI] ++++++++++++++++++++++++++++++++++++++++
[22:44:28] [main/INFO] [REI] REIPlugin starting main-reload for START.
[22:44:28] [main/DEBUG] [REI] Reloadables (7):
[22:44:28] [main/DEBUG] [REI]  - EntryTypeRegistryImpl
[22:44:28] [main/DEBUG] [REI]  - EntrySettingsAdapterRegistryImpl
[22:44:28] [main/DEBUG] [REI]  - RecipeManagerContextImpl
[22:44:28] [main/DEBUG] [REI]  - ItemComparatorRegistryImpl
[22:44:28] [main/DEBUG] [REI]  - FluidComparatorRegistryImpl
[22:44:28] [main/DEBUG] [REI]  - DisplaySerializerRegistryImpl
[22:44:28] [main/DEBUG] [REI]  - FluidSupportProviderImpl
[22:44:28] [main/INFO] [REI] Plugins (2):
[22:44:28] [main/INFO] [REI]  - (-100.00) DefaultPluginImpl of DefaultPluginImpl [roughlyenoughitems]
[22:44:28] [main/INFO] [REI]  - (0.00) DefaultRuntimePlugin of DefaultRuntimePlugin [roughlyenoughitems]
[22:44:28] [main/INFO] [REI] ++++++++++++++++++++++++++++++++++++++++
[22:44:28] [main/TRACE] [REI] [REIPlugin START] Reloading Section: "start-reload/"
[22:44:28] [main/TRACE] [REI] [REIPlugin START] Reloading Section: "start-reload/EntryTypeRegistryImpl/"
[22:44:28] [main/TRACE] [REI] [REIPlugin START] Reloading Section: "start-reload/EntryTypeRegistryImpl/" done in 42.81 μs
[22:44:28] [main/TRACE] [REI] [REIPlugin START] Reloading Section: "start-reload/EntrySettingsAdapterRegistryImpl/"
[22:44:28] [main/TRACE] [REI] [REIPlugin START] Reloading Section: "start-reload/EntrySettingsAdapterRegistryImpl/" done in 12.27 μs
[22:44:28] [main/TRACE] [REI] [REIPlugin START] Reloading Section: "start-reload/RecipeManagerContextImpl/"
[22:44:28] [main/TRACE] [REI] [REIPlugin START] Reloading Section: "start-reload/RecipeManagerContextImpl/" done in 6.231 μs
[22:44:28] [main/TRACE] [REI] [REIPlugin START] Reloading Section: "start-reload/ItemComparatorRegistryImpl/"
[22:44:28] [main/TRACE] [REI] [REIPlugin START] Reloading Section: "start-reload/ItemComparatorRegistryImpl/" done in 27.43 μs
[22:44:28] [main/TRACE] [REI] [REIPlugin START] Reloading Section: "start-reload/FluidComparatorRegistryImpl/"
[22:44:28] [main/TRACE] [REI] [REIPlugin START] Reloading Section: "start-reload/FluidComparatorRegistryImpl/" done in 10.02 μs
[22:44:28] [main/TRACE] [REI] [REIPlugin START] Reloading Section: "start-reload/DisplaySerializerRegistryImpl/"
[22:44:28] [main/TRACE] [REI] [REIPlugin START] Reloading Section: "start-reload/DisplaySerializerRegistryImpl/" done in 6.402 μs
[22:44:28] [main/TRACE] [REI] [REIPlugin START] Reloading Section: "start-reload/FluidSupportProviderImpl/"
[22:44:28] [main/TRACE] [REI] [REIPlugin START] Reloading Section: "start-reload/FluidSupportProviderImpl/" done in 24.02 μs
[22:44:28] [main/TRACE] [REI] [REIPlugin START] Reloading Section: "start-reload/" done in 1.710 ms
[22:44:28] [main/DEBUG] [REI] ========================================
[22:44:28] [main/DEBUG] [REI] REIPlugin started main-reload for START.
[22:44:28] [main/DEBUG] [REI] ========================================
[22:44:28] [main/TRACE] [REI] [REIPlugin START] Reloading Section: "reloadable-plugin/EntryTypeRegistryImpl/"
[22:44:28] [main/TRACE] [REI] [REIPlugin START] Reloading Section: "reloadable-plugin/EntryTypeRegistryImpl/DefaultPluginImpl of DefaultPluginImpl [roughlyenoughitems]/"
[22:44:28] [main/TRACE] [REI] [REIPlugin START] Reloading Section: "reloadable-plugin/EntryTypeRegistryImpl/DefaultPluginImpl of DefaultPluginImpl [roughlyenoughitems]/" done in 186.0 μs
[22:44:28] [main/TRACE] [REI] [REIPlugin START] Reloading Section: "reloadable-plugin/EntryTypeRegistryImpl/DefaultRuntimePlugin of DefaultRuntimePlugin [roughlyenoughitems]/"
[22:44:28] [main/TRACE] [REI] [REIPlugin START] Reloading Section: "reloadable-plugin/EntryTypeRegistryImpl/DefaultRuntimePlugin of DefaultRuntimePlugin [roughlyenoughitems]/" done in 10.88 ms
[22:44:28] [main/TRACE] [REI] [REIPlugin START] Reloading Section: "reloadable-plugin/EntryTypeRegistryImpl/" done in 11.80 ms
[22:44:28] [main/TRACE] [REI] [REIPlugin START] Reloading Section: "reloadable-plugin/EntrySettingsAdapterRegistryImpl/"
[22:44:28] [main/TRACE] [REI] [REIPlugin START] Reloading Section: "reloadable-plugin/EntrySettingsAdapterRegistryImpl/DefaultPluginImpl of DefaultPluginImpl [roughlyenoughitems]/"
[22:44:28] [main/TRACE] [REI] [REIPlugin START] Reloading Section: "reloadable-plugin/EntrySettingsAdapterRegistryImpl/DefaultPluginImpl of DefaultPluginImpl [roughlyenoughitems]/" done in 16.93 μs
[22:44:28] [main/TRACE] [REI] [REIPlugin START] Reloading Section: "reloadable-plugin/EntrySettingsAdapterRegistryImpl/DefaultRuntimePlugin of DefaultRuntimePlugin [roughlyenoughitems]/"
[22:44:28] [main/TRACE] [REI] [REIPlugin START] Reloading Section: "reloadable-plugin/EntrySettingsAdapterRegistryImpl/DefaultRuntimePlugin of DefaultRuntimePlugin [roughlyenoughitems]/" done in 14.30 μs
[22:44:28] [main/TRACE] [REI] [REIPlugin START] Reloading Section: "reloadable-plugin/EntrySettingsAdapterRegistryImpl/" done in 365.0 μs
[22:44:28] [main/TRACE] [REI] [REIPlugin START] Reloading Section: "reloadable-plugin/RecipeManagerContextImpl/"
[22:44:28] [main/TRACE] [REI] [REIPlugin START] Reloading Section: "reloadable-plugin/RecipeManagerContextImpl/DefaultPluginImpl of DefaultPluginImpl [roughlyenoughitems]/"
[22:44:28] [main/TRACE] [REI] [REIPlugin START] Reloading Section: "reloadable-plugin/RecipeManagerContextImpl/DefaultPluginImpl of DefaultPluginImpl [roughlyenoughitems]/" done in 10.70 μs
[22:44:28] [main/TRACE] [REI] [REIPlugin START] Reloading Section: "reloadable-plugin/RecipeManagerContextImpl/DefaultRuntimePlugin of DefaultRuntimePlugin [roughlyenoughitems]/"
[22:44:28] [main/TRACE] [REI] [REIPlugin START] Reloading Section: "reloadable-plugin/RecipeManagerContextImpl/DefaultRuntimePlugin of DefaultRuntimePlugin [roughlyenoughitems]/" done in 11.58 μs
[22:44:28] [main/TRACE] [REI] [REIPlugin START] Reloading Section: "reloadable-plugin/RecipeManagerContextImpl/" done in 300.4 μs
[22:44:28] [main/TRACE] [REI] [REIPlugin START] Reloading Section: "reloadable-plugin/ItemComparatorRegistryImpl/"
[22:44:28] [main/TRACE] [REI] [REIPlugin START] Reloading Section: "reloadable-plugin/ItemComparatorRegistryImpl/DefaultPluginImpl of DefaultPluginImpl [roughlyenoughitems]/"
[22:44:28] [main/TRACE] [REI] [REIPlugin START] Reloading Section: "reloadable-plugin/ItemComparatorRegistryImpl/DefaultPluginImpl of DefaultPluginImpl [roughlyenoughitems]/" done in 775.2 μs
[22:44:28] [main/TRACE] [REI] [REIPlugin START] Reloading Section: "reloadable-plugin/ItemComparatorRegistryImpl/DefaultRuntimePlugin of DefaultRuntimePlugin [roughlyenoughitems]/"
[22:44:28] [main/TRACE] [REI] [REIPlugin START] Reloading Section: "reloadable-plugin/ItemComparatorRegistryImpl/DefaultRuntimePlugin of DefaultRuntimePlugin [roughlyenoughitems]/" done in 14.36 μs
[22:44:28] [main/TRACE] [REI] [REIPlugin START] Reloading Section: "reloadable-plugin/ItemComparatorRegistryImpl/" done in 1.079 ms
[22:44:28] [main/TRACE] [REI] [REIPlugin START] Reloading Section: "reloadable-plugin/FluidComparatorRegistryImpl/"
[22:44:28] [main/TRACE] [REI] [REIPlugin START] Reloading Section: "reloadable-plugin/FluidComparatorRegistryImpl/DefaultPluginImpl of DefaultPluginImpl [roughlyenoughitems]/"
[22:44:28] [main/TRACE] [REI] [REIPlugin START] Reloading Section: "reloadable-plugin/FluidComparatorRegistryImpl/DefaultPluginImpl of DefaultPluginImpl [roughlyenoughitems]/" done in 18.32 μs
[22:44:28] [main/TRACE] [REI] [REIPlugin START] Reloading Section: "reloadable-plugin/FluidComparatorRegistryImpl/DefaultRuntimePlugin of DefaultRuntimePlugin [roughlyenoughitems]/"
[22:44:28] [main/TRACE] [REI] [REIPlugin START] Reloading Section: "reloadable-plugin/FluidComparatorRegistryImpl/DefaultRuntimePlugin of DefaultRuntimePlugin [roughlyenoughitems]/" done in 11.10 μs
[22:44:28] [main/TRACE] [REI] [REIPlugin START] Reloading Section: "reloadable-plugin/FluidComparatorRegistryImpl/" done in 280.0 μs
[22:44:28] [main/TRACE] [REI] [REIPlugin START] Reloading Section: "reloadable-plugin/DisplaySerializerRegistryImpl/"
[22:44:28] [main/TRACE] [REI] [REIPlugin START] Reloading Section: "reloadable-plugin/DisplaySerializerRegistryImpl/DefaultPluginImpl of DefaultPluginImpl [roughlyenoughitems]/"
[22:44:28] [main/TRACE] [REI] [REIPlugin START] Reloading Section: "reloadable-plugin/DisplaySerializerRegistryImpl/DefaultPluginImpl of DefaultPluginImpl [roughlyenoughitems]/" done in 9.508 μs
[22:44:28] [main/TRACE] [REI] [REIPlugin START] Reloading Section: "reloadable-plugin/DisplaySerializerRegistryImpl/DefaultRuntimePlugin of DefaultRuntimePlugin [roughlyenoughitems]/"
[22:44:28] [main/TRACE] [REI] [REIPlugin START] Reloading Section: "reloadable-plugin/DisplaySerializerRegistryImpl/DefaultRuntimePlugin of DefaultRuntimePlugin [roughlyenoughitems]/" done in 9.267 μs
[22:44:28] [main/TRACE] [REI] [REIPlugin START] Reloading Section: "reloadable-plugin/DisplaySerializerRegistryImpl/" done in 263.5 μs
[22:44:28] [main/TRACE] [REI] [REIPlugin START] Reloading Section: "reloadable-plugin/FluidSupportProviderImpl/"
[22:44:28] [main/TRACE] [REI] [REIPlugin START] Reloading Section: "reloadable-plugin/FluidSupportProviderImpl/DefaultPluginImpl of DefaultPluginImpl [roughlyenoughitems]/"
[22:44:28] [main/TRACE] [REI] [REIPlugin START] Reloading Section: "reloadable-plugin/FluidSupportProviderImpl/DefaultPluginImpl of DefaultPluginImpl [roughlyenoughitems]/" done in 552.8 μs
[22:44:28] [main/TRACE] [REI] [REIPlugin START] Reloading Section: "reloadable-plugin/FluidSupportProviderImpl/DefaultRuntimePlugin of DefaultRuntimePlugin [roughlyenoughitems]/"
[22:44:28] [main/TRACE] [REI] [REIPlugin START] Reloading Section: "reloadable-plugin/FluidSupportProviderImpl/DefaultRuntimePlugin of DefaultRuntimePlugin [roughlyenoughitems]/" done in 12.38 μs
[22:44:28] [main/TRACE] [REI] [REIPlugin START] Reloading Section: "reloadable-plugin/FluidSupportProviderImpl/" done in 874.5 μs
[22:44:28] [main/DEBUG] [REI] ========================================
[22:44:28] [main/DEBUG] [REI] REIPlugin ending main-reload for START.
[22:44:28] [main/DEBUG] [REI] ========================================
[22:44:28] [main/TRACE] [REI] [REIPlugin START] Reloading Section: "end-reload/"
[22:44:28] [main/TRACE] [REI] [REIPlugin START] Reloading Section: "end-reload/EntryTypeRegistryImpl/"
[22:44:28] [main/TRACE] [REI] [REIPlugin START] Reloading Section: "end-reload/EntryTypeRegistryImpl/" done in 14.14 μs
[22:44:28] [main/TRACE] [REI] [REIPlugin START] Reloading Section: "end-reload/EntrySettingsAdapterRegistryImpl/"
[22:44:28] [main/TRACE] [REI] [REIPlugin START] Reloading Section: "end-reload/EntrySettingsAdapterRegistryImpl/" done in 6.983 μs
[22:44:28] [main/TRACE] [REI] [REIPlugin START] Reloading Section: "end-reload/RecipeManagerContextImpl/"
[22:44:29] [main/TRACE] [REI] [REIPlugin START] Reloading Section: "end-reload/RecipeManagerContextImpl/" done in 8.596 μs
[22:44:29] [main/TRACE] [REI] [REIPlugin START] Reloading Section: "end-reload/ItemComparatorRegistryImpl/"
[22:44:29] [main/TRACE] [REI] [REIPlugin START] Reloading Section: "end-reload/ItemComparatorRegistryImpl/" done in 8.837 μs
[22:44:29] [main/TRACE] [REI] [REIPlugin START] Reloading Section: "end-reload/FluidComparatorRegistryImpl/"
[22:44:29] [main/TRACE] [REI] [REIPlugin START] Reloading Section: "end-reload/FluidComparatorRegistryImpl/" done in 6.392 μs
[22:44:29] [main/TRACE] [REI] [REIPlugin START] Reloading Section: "end-reload/DisplaySerializerRegistryImpl/"
[22:44:29] [main/TRACE] [REI] [REIPlugin START] Reloading Section: "end-reload/DisplaySerializerRegistryImpl/" done in 6.902 μs
[22:44:29] [main/TRACE] [REI] [REIPlugin START] Reloading Section: "end-reload/FluidSupportProviderImpl/"
[22:44:29] [main/TRACE] [REI] [REIPlugin START] Reloading Section: "end-reload/FluidSupportProviderImpl/" done in 6.633 μs
[22:44:29] [main/TRACE] [REI] [REIPlugin START] Reloading Section: "end-reload/" done in 1.179 ms
[22:44:29] [main/DEBUG] [REI] ========================================
[22:44:29] [main/DEBUG] [REI] REIPlugin ended main-reload for START in 26.31 ms.
[22:44:29] [main/DEBUG] [REI] ========================================
[22:44:29] [main/INFO] [REI] ----------------------------------------
[22:44:29] [main/INFO] [REI] REIServerPlugin starting main-reload for START.
[22:44:29] [main/DEBUG] [REI] Reloadables (2):
[22:44:29] [main/DEBUG] [REI]  - MenuInfoRegistryImpl
[22:44:29] [main/DEBUG] [REI]  - SlotAccessorRegistryImpl
[22:44:29] [main/INFO] [REI] Plugins (2):
[22:44:29] [main/INFO] [REI]  - (-100.00) DefaultPluginImpl of DefaultPluginImpl [roughlyenoughitems]
[22:44:29] [main/INFO] [REI]  - (0.00) DefaultRuntimePlugin of DefaultRuntimePlugin [roughlyenoughitems]
[22:44:29] [main/INFO] [REI] ----------------------------------------
[22:44:29] [main/TRACE] [REI] [REIServerPlugin START] Reloading Section: "start-reload/"
[22:44:29] [main/TRACE] [REI] [REIServerPlugin START] Reloading Section: "start-reload/MenuInfoRegistryImpl/"
[22:44:29] [main/TRACE] [REI] [REIServerPlugin START] Reloading Section: "start-reload/MenuInfoRegistryImpl/" done in 11.00 μs
[22:44:29] [main/TRACE] [REI] [REIServerPlugin START] Reloading Section: "start-reload/SlotAccessorRegistryImpl/"
[22:44:29] [main/TRACE] [REI] [REIServerPlugin START] Reloading Section: "start-reload/SlotAccessorRegistryImpl/" done in 8.375 μs
[22:44:29] [main/TRACE] [REI] [REIServerPlugin START] Reloading Section: "start-reload/" done in 319.6 μs
[22:44:29] [main/DEBUG] [REI] ========================================
[22:44:29] [main/DEBUG] [REI] REIServerPlugin started main-reload for START.
[22:44:29] [main/DEBUG] [REI] ========================================
[22:44:29] [main/TRACE] [REI] [REIServerPlugin START] Reloading Section: "reloadable-plugin/MenuInfoRegistryImpl/"
[22:44:29] [main/TRACE] [REI] [REIServerPlugin START] Reloading Section: "reloadable-plugin/MenuInfoRegistryImpl/DefaultPluginImpl of DefaultPluginImpl [roughlyenoughitems]/"
[22:44:29] [main/TRACE] [REI] [REIServerPlugin START] Reloading Section: "reloadable-plugin/MenuInfoRegistryImpl/DefaultPluginImpl of DefaultPluginImpl [roughlyenoughitems]/" done in 9.417 μs
[22:44:29] [main/TRACE] [REI] [REIServerPlugin START] Reloading Section: "reloadable-plugin/MenuInfoRegistryImpl/DefaultRuntimePlugin of DefaultRuntimePlugin [roughlyenoughitems]/"
[22:44:29] [main/TRACE] [REI] [REIServerPlugin START] Reloading Section: "reloadable-plugin/MenuInfoRegistryImpl/DefaultRuntimePlugin of DefaultRuntimePlugin [roughlyenoughitems]/" done in 11.89 μs
[22:44:29] [main/TRACE] [REI] [REIServerPlugin START] Reloading Section: "reloadable-plugin/MenuInfoRegistryImpl/" done in 388.2 μs
[22:44:29] [main/TRACE] [REI] [REIServerPlugin START] Reloading Section: "reloadable-plugin/SlotAccessorRegistryImpl/"
[22:44:29] [main/TRACE] [REI] [REIServerPlugin START] Reloading Section: "reloadable-plugin/SlotAccessorRegistryImpl/DefaultPluginImpl of DefaultPluginImpl [roughlyenoughitems]/"
[22:44:29] [main/TRACE] [REI] [REIServerPlugin START] Reloading Section: "reloadable-plugin/SlotAccessorRegistryImpl/DefaultPluginImpl of DefaultPluginImpl [roughlyenoughitems]/" done in 8.987 μs
[22:44:29] [main/TRACE] [REI] [REIServerPlugin START] Reloading Section: "reloadable-plugin/SlotAccessorRegistryImpl/DefaultRuntimePlugin of DefaultRuntimePlugin [roughlyenoughitems]/"
[22:44:29] [main/TRACE] [REI] [REIServerPlugin START] Reloading Section: "reloadable-plugin/SlotAccessorRegistryImpl/DefaultRuntimePlugin of DefaultRuntimePlugin [roughlyenoughitems]/" done in 9.308 μs
[22:44:29] [main/TRACE] [REI] [REIServerPlugin START] Reloading Section: "reloadable-plugin/SlotAccessorRegistryImpl/" done in 1.285 ms
[22:44:29] [main/DEBUG] [REI] ========================================
[22:44:29] [main/DEBUG] [REI] REIServerPlugin ending main-reload for START.
[22:44:29] [main/DEBUG] [REI] ========================================
[22:44:29] [main/TRACE] [REI] [REIServerPlugin START] Reloading Section: "end-reload/"
[22:44:29] [main/TRACE] [REI] [REIServerPlugin START] Reloading Section: "end-reload/MenuInfoRegistryImpl/"
[22:44:29] [main/TRACE] [REI] [REIServerPlugin START] Reloading Section: "end-reload/MenuInfoRegistryImpl/" done in 8.385 μs
[22:44:29] [main/TRACE] [REI] [REIServerPlugin START] Reloading Section: "end-reload/SlotAccessorRegistryImpl/"
[22:44:29] [main/TRACE] [REI] [REIServerPlugin START] Reloading Section: "end-reload/SlotAccessorRegistryImpl/" done in 6.453 μs
[22:44:29] [main/TRACE] [REI] [REIServerPlugin START] Reloading Section: "end-reload/" done in 445.0 μs
[22:44:29] [main/DEBUG] [REI] ========================================
[22:44:29] [main/DEBUG] [REI] REIServerPlugin ended main-reload for START in 5.638 ms.
[22:44:29] [main/DEBUG] [REI] ========================================
[22:44:29] [main/DEBUG] [REI] ========================================
[22:44:29] [main/DEBUG] [REI] REIPlugin starting post-reload for START.
[22:44:29] [main/DEBUG] [REI] Reloadables (7):
[22:44:29] [main/DEBUG] [REI]  - EntryTypeRegistryImpl
[22:44:29] [main/DEBUG] [REI]  - EntrySettingsAdapterRegistryImpl
[22:44:29] [main/DEBUG] [REI]  - RecipeManagerContextImpl
[22:44:29] [main/DEBUG] [REI]  - ItemComparatorRegistryImpl
[22:44:29] [main/DEBUG] [REI]  - FluidComparatorRegistryImpl
[22:44:29] [main/DEBUG] [REI]  - DisplaySerializerRegistryImpl
[22:44:29] [main/DEBUG] [REI]  - FluidSupportProviderImpl
[22:44:29] [main/DEBUG] [REI] Plugins (2):
[22:44:29] [main/DEBUG] [REI]  - (-100.00) DefaultPluginImpl of DefaultPluginImpl [roughlyenoughitems]
[22:44:29] [main/DEBUG] [REI]  - (0.00) DefaultRuntimePlugin of DefaultRuntimePlugin [roughlyenoughitems]
[22:44:29] [main/DEBUG] [REI] ========================================
[22:44:29] [main/TRACE] [REI] [REIPlugin START] Reloading Section: "post-register/"
[22:44:29] [main/TRACE] [REI] [REIPlugin START] Reloading Section: "post-register/DefaultPluginImpl of DefaultPluginImpl [roughlyenoughitems]/"
[22:44:29] [main/TRACE] [REI] [REIPlugin START] Reloading Section: "post-register/DefaultPluginImpl of DefaultPluginImpl [roughlyenoughitems]/" done in 164.8 μs
[22:44:29] [main/TRACE] [REI] [REIPlugin START] Reloading Section: "post-register/DefaultRuntimePlugin of DefaultRuntimePlugin [roughlyenoughitems]/"
[22:44:29] [main/TRACE] [REI] [REIPlugin START] Reloading Section: "post-register/DefaultRuntimePlugin of DefaultRuntimePlugin [roughlyenoughitems]/" done in 8.946 μs
[22:44:29] [main/TRACE] [REI] [REIPlugin START] Reloading Section: "post-register/" done in 633.5 μs
[22:44:29] [main/TRACE] [REI] [REIPlugin START] Reloading Section: "post-stage/"
[22:44:29] [main/TRACE] [REI] [REIPlugin START] Reloading Section: "post-stage/EntryTypeRegistryImpl/"
[22:44:29] [main/TRACE] [REI] [REIPlugin START] Reloading Section: "post-stage/EntryTypeRegistryImpl/" done in 11.74 μs
[22:44:29] [main/TRACE] [REI] [REIPlugin START] Reloading Section: "post-stage/EntrySettingsAdapterRegistryImpl/"
[22:44:29] [main/TRACE] [REI] [REIPlugin START] Reloading Section: "post-stage/EntrySettingsAdapterRegistryImpl/" done in 5.120 μs
[22:44:29] [main/TRACE] [REI] [REIPlugin START] Reloading Section: "post-stage/RecipeManagerContextImpl/"
[22:44:29] [main/TRACE] [REI] [REIPlugin START] Reloading Section: "post-stage/RecipeManagerContextImpl/" done in 5.320 μs
[22:44:29] [main/TRACE] [REI] [REIPlugin START] Reloading Section: "post-stage/ItemComparatorRegistryImpl/"
[22:44:29] [main/TRACE] [REI] [REIPlugin START] Reloading Section: "post-stage/ItemComparatorRegistryImpl/" done in 5.891 μs
[22:44:29] [main/TRACE] [REI] [REIPlugin START] Reloading Section: "post-stage/FluidComparatorRegistryImpl/"
[22:44:29] [main/TRACE] [REI] [REIPlugin START] Reloading Section: "post-stage/FluidComparatorRegistryImpl/" done in 5.881 μs
[22:44:29] [main/TRACE] [REI] [REIPlugin START] Reloading Section: "post-stage/DisplaySerializerRegistryImpl/"
[22:44:29] [main/TRACE] [REI] [REIPlugin START] Reloading Section: "post-stage/DisplaySerializerRegistryImpl/" done in 4.669 μs
[22:44:29] [main/TRACE] [REI] [REIPlugin START] Reloading Section: "post-stage/FluidSupportProviderImpl/"
[22:44:29] [main/TRACE] [REI] [REIPlugin START] Reloading Section: "post-stage/FluidSupportProviderImpl/" done in 5.099 μs
[22:44:29] [main/TRACE] [REI] [REIPlugin START] Reloading Section: "post-stage/" done in 771.9 μs
[22:44:29] [main/DEBUG] [REI] ========================================
[22:44:29] [main/INFO] [REI] REIPlugin finished post-reload for START in 1.638 ms, totaling 62.21 ms.
[22:44:29] [main/DEBUG] [REI] ========================================
[22:44:29] [main/DEBUG] [REI] ========================================
[22:44:29] [main/DEBUG] [REI] REIServerPlugin starting post-reload for START.
[22:44:29] [main/DEBUG] [REI] Reloadables (2):
[22:44:29] [main/DEBUG] [REI]  - MenuInfoRegistryImpl
[22:44:29] [main/DEBUG] [REI]  - SlotAccessorRegistryImpl
[22:44:29] [main/DEBUG] [REI] Plugins (2):
[22:44:29] [main/DEBUG] [REI]  - (-100.00) DefaultPluginImpl of DefaultPluginImpl [roughlyenoughitems]
[22:44:29] [main/DEBUG] [REI]  - (0.00) DefaultRuntimePlugin of DefaultRuntimePlugin [roughlyenoughitems]
[22:44:29] [main/DEBUG] [REI] ========================================
[22:44:29] [main/TRACE] [REI] [REIServerPlugin START] Reloading Section: "post-register/"
[22:44:29] [main/TRACE] [REI] [REIServerPlugin START] Reloading Section: "post-register/DefaultPluginImpl of DefaultPluginImpl [roughlyenoughitems]/"
[22:44:29] [main/TRACE] [REI] [REIServerPlugin START] Reloading Section: "post-register/DefaultPluginImpl of DefaultPluginImpl [roughlyenoughitems]/" done in 9.338 μs
[22:44:29] [main/TRACE] [REI] [REIServerPlugin START] Reloading Section: "post-register/DefaultRuntimePlugin of DefaultRuntimePlugin [roughlyenoughitems]/"
[22:44:29] [main/TRACE] [REI] [REIServerPlugin START] Reloading Section: "post-register/DefaultRuntimePlugin of DefaultRuntimePlugin [roughlyenoughitems]/" done in 8.677 μs
[22:44:29] [main/TRACE] [REI] [REIServerPlugin START] Reloading Section: "post-register/" done in 314.0 μs
[22:44:29] [main/TRACE] [REI] [REIServerPlugin START] Reloading Section: "post-stage/"
[22:44:29] [main/TRACE] [REI] [REIServerPlugin START] Reloading Section: "post-stage/MenuInfoRegistryImpl/"
[22:44:29] [main/TRACE] [REI] [REIServerPlugin START] Reloading Section: "post-stage/MenuInfoRegistryImpl/" done in 6.512 μs
[22:44:29] [main/TRACE] [REI] [REIServerPlugin START] Reloading Section: "post-stage/SlotAccessorRegistryImpl/"
[22:44:29] [main/TRACE] [REI] [REIServerPlugin START] Reloading Section: "post-stage/SlotAccessorRegistryImpl/" done in 5.881 μs
[22:44:29] [main/TRACE] [REI] [REIServerPlugin START] Reloading Section: "post-stage/" done in 363.4 μs
[22:44:29] [main/DEBUG] [REI] ========================================
[22:44:29] [main/INFO] [REI] REIServerPlugin finished post-reload for START in 1.772 ms, totaling 8.071 ms.
[22:44:29] [main/DEBUG] [REI] ========================================
[22:44:29] [main/DEBUG] [REI] ========================================
[22:44:29] [main/DEBUG] [REI] REIPlugin starting pre-reload for END.
[22:44:29] [main/DEBUG] [REI] Reloadables (7):
[22:44:29] [main/DEBUG] [REI]  - EntryTypeRegistryImpl
[22:44:29] [main/DEBUG] [REI]  - EntrySettingsAdapterRegistryImpl
[22:44:29] [main/DEBUG] [REI]  - RecipeManagerContextImpl
[22:44:29] [main/DEBUG] [REI]  - ItemComparatorRegistryImpl
[22:44:29] [main/DEBUG] [REI]  - FluidComparatorRegistryImpl
[22:44:29] [main/DEBUG] [REI]  - DisplaySerializerRegistryImpl
[22:44:29] [main/DEBUG] [REI]  - FluidSupportProviderImpl
[22:44:29] [main/DEBUG] [REI] Plugins (2):
[22:44:29] [main/DEBUG] [REI]  - (-100.00) DefaultPluginImpl of DefaultPluginImpl [roughlyenoughitems]
[22:44:29] [main/DEBUG] [REI]  - (0.00) DefaultRuntimePlugin of DefaultRuntimePlugin [roughlyenoughitems]
[22:44:29] [main/DEBUG] [REI] ========================================
[22:44:29] [main/TRACE] [REI] [REIPlugin END] Reloading Section: "pre-register/"
[22:44:29] [main/TRACE] [REI] [REIPlugin END] Reloading Section: "pre-register/DefaultPluginImpl of DefaultPluginImpl [roughlyenoughitems]/"
[22:44:29] [main/TRACE] [REI] [REIPlugin END] Reloading Section: "pre-register/DefaultPluginImpl of DefaultPluginImpl [roughlyenoughitems]/" done in 11.33 μs
[22:44:29] [main/TRACE] [REI] [REIPlugin END] Reloading Section: "pre-register/DefaultRuntimePlugin of DefaultRuntimePlugin [roughlyenoughitems]/"
[22:44:29] [main/TRACE] [REI] [REIPlugin END] Reloading Section: "pre-register/DefaultRuntimePlugin of DefaultRuntimePlugin [roughlyenoughitems]/" done in 10.30 μs
[22:44:29] [main/TRACE] [REI] [REIPlugin END] Reloading Section: "pre-register/" done in 834.0 μs
[22:44:29] [main/TRACE] [REI] [REIPlugin END] Reloading Section: "pre-stage/"
[22:44:29] [main/TRACE] [REI] [REIPlugin END] Reloading Section: "pre-stage/EntryTypeRegistryImpl/"
[22:44:29] [main/TRACE] [REI] [REIPlugin END] Reloading Section: "pre-stage/EntryTypeRegistryImpl/" done in 7.294 μs
[22:44:29] [main/TRACE] [REI] [REIPlugin END] Reloading Section: "pre-stage/EntrySettingsAdapterRegistryImpl/"
[22:44:29] [main/TRACE] [REI] [REIPlugin END] Reloading Section: "pre-stage/EntrySettingsAdapterRegistryImpl/" done in 7.264 μs
[22:44:29] [main/TRACE] [REI] [REIPlugin END] Reloading Section: "pre-stage/RecipeManagerContextImpl/"
[22:44:29] [main/TRACE] [REI] [REIPlugin END] Reloading Section: "pre-stage/RecipeManagerContextImpl/" done in 7.213 μs
[22:44:29] [main/TRACE] [REI] [REIPlugin END] Reloading Section: "pre-stage/ItemComparatorRegistryImpl/"
[22:44:29] [main/TRACE] [REI] [REIPlugin END] Reloading Section: "pre-stage/ItemComparatorRegistryImpl/" done in 7.404 μs
[22:44:29] [main/TRACE] [REI] [REIPlugin END] Reloading Section: "pre-stage/FluidComparatorRegistryImpl/"
[22:44:29] [main/TRACE] [REI] [REIPlugin END] Reloading Section: "pre-stage/FluidComparatorRegistryImpl/" done in 7.604 μs
[22:44:29] [main/TRACE] [REI] [REIPlugin END] Reloading Section: "pre-stage/DisplaySerializerRegistryImpl/"
[22:44:29] [main/TRACE] [REI] [REIPlugin END] Reloading Section: "pre-stage/DisplaySerializerRegistryImpl/" done in 6.772 μs
[22:44:29] [main/TRACE] [REI] [REIPlugin END] Reloading Section: "pre-stage/FluidSupportProviderImpl/"
[22:44:29] [main/TRACE] [REI] [REIPlugin END] Reloading Section: "pre-stage/FluidSupportProviderImpl/" done in 14.20 μs
[22:44:29] [main/TRACE] [REI] [REIPlugin END] Reloading Section: "pre-stage/" done in 2.295 ms
[22:44:29] [main/DEBUG] [REI] ========================================
[22:44:29] [main/DEBUG] [REI] REIPlugin finished pre-reload for END in 3.862 ms.
[22:44:29] [main/DEBUG] [REI] ========================================
[22:44:29] [main/DEBUG] [REI] ========================================
[22:44:29] [main/DEBUG] [REI] REIServerPlugin starting pre-reload for END.
[22:44:29] [main/DEBUG] [REI] Reloadables (2):
[22:44:29] [main/DEBUG] [REI]  - MenuInfoRegistryImpl
[22:44:29] [main/DEBUG] [REI]  - SlotAccessorRegistryImpl
[22:44:29] [main/DEBUG] [REI] Plugins (2):
[22:44:29] [main/DEBUG] [REI]  - (-100.00) DefaultPluginImpl of DefaultPluginImpl [roughlyenoughitems]
[22:44:29] [main/DEBUG] [REI]  - (0.00) DefaultRuntimePlugin of DefaultRuntimePlugin [roughlyenoughitems]
[22:44:29] [main/DEBUG] [REI] ========================================
[22:44:29] [main/TRACE] [REI] [REIServerPlugin END] Reloading Section: "pre-register/"
[22:44:29] [main/TRACE] [REI] [REIServerPlugin END] Reloading Section: "pre-register/DefaultPluginImpl of DefaultPluginImpl [roughlyenoughitems]/"
[22:44:29] [main/TRACE] [REI] [REIServerPlugin END] Reloading Section: "pre-register/DefaultPluginImpl of DefaultPluginImpl [roughlyenoughitems]/" done in 25.72 μs
[22:44:29] [main/TRACE] [REI] [REIServerPlugin END] Reloading Section: "pre-register/DefaultRuntimePlugin of DefaultRuntimePlugin [roughlyenoughitems]/"
[22:44:29] [main/TRACE] [REI] [REIServerPlugin END] Reloading Section: "pre-register/DefaultRuntimePlugin of DefaultRuntimePlugin [roughlyenoughitems]/" done in 90.76 μs
[22:44:29] [main/TRACE] [REI] [REIServerPlugin END] Reloading Section: "pre-register/" done in 1.282 ms
[22:44:29] [main/TRACE] [REI] [REIServerPlugin END] Reloading Section: "pre-stage/"
[22:44:29] [main/TRACE] [REI] [REIServerPlugin END] Reloading Section: "pre-stage/MenuInfoRegistryImpl/"
[22:44:29] [main/TRACE] [REI] [REIServerPlugin END] Reloading Section: "pre-stage/MenuInfoRegistryImpl/" done in 7.824 μs
[22:44:29] [main/TRACE] [REI] [REIServerPlugin END] Reloading Section: "pre-stage/SlotAccessorRegistryImpl/"
[22:44:29] [main/TRACE] [REI] [REIServerPlugin END] Reloading Section: "pre-stage/SlotAccessorRegistryImpl/" done in 6.963 μs
[22:44:29] [main/TRACE] [REI] [REIServerPlugin END] Reloading Section: "pre-stage/" done in 663.5 μs
[22:44:29] [main/DEBUG] [REI] ========================================
[22:44:29] [main/DEBUG] [REI] REIServerPlugin finished pre-reload for END in 2.723 ms.
[22:44:29] [main/DEBUG] [REI] ========================================
[22:44:29] [main/INFO] [REI] ----------------------------------------
[22:44:29] [main/INFO] [REI] REIPlugin starting main-reload for END.
[22:44:29] [main/DEBUG] [REI] Reloadables (7):
[22:44:29] [main/DEBUG] [REI]  - EntryTypeRegistryImpl
[22:44:29] [main/DEBUG] [REI]  - EntrySettingsAdapterRegistryImpl
[22:44:29] [main/DEBUG] [REI]  - RecipeManagerContextImpl
[22:44:29] [main/DEBUG] [REI]  - ItemComparatorRegistryImpl
[22:44:29] [main/DEBUG] [REI]  - FluidComparatorRegistryImpl
[22:44:29] [main/DEBUG] [REI]  - DisplaySerializerRegistryImpl
[22:44:29] [main/DEBUG] [REI]  - FluidSupportProviderImpl
[22:44:29] [main/INFO] [REI] Plugins (2):
[22:44:29] [main/INFO] [REI]  - (-100.00) DefaultPluginImpl of DefaultPluginImpl [roughlyenoughitems]
[22:44:29] [main/INFO] [REI]  - (0.00) DefaultRuntimePlugin of DefaultRuntimePlugin [roughlyenoughitems]
[22:44:29] [main/INFO] [REI] ----------------------------------------
[22:44:29] [main/TRACE] [REI] [REIPlugin END] Reloading Section: "start-reload/"
[22:44:29] [main/TRACE] [REI] [REIPlugin END] Reloading Section: "start-reload/EntryTypeRegistryImpl/"
[22:44:29] [main/TRACE] [REI] [REIPlugin END] Reloading Section: "start-reload/EntryTypeRegistryImpl/" done in 8.185 μs
[22:44:29] [main/TRACE] [REI] [REIPlugin END] Reloading Section: "start-reload/EntrySettingsAdapterRegistryImpl/"
[22:44:29] [main/TRACE] [REI] [REIPlugin END] Reloading Section: "start-reload/EntrySettingsAdapterRegistryImpl/" done in 17.52 μs
[22:44:29] [main/TRACE] [REI] [REIPlugin END] Reloading Section: "start-reload/RecipeManagerContextImpl/"
[22:44:29] [main/TRACE] [REI] [REIPlugin END] Reloading Section: "start-reload/RecipeManagerContextImpl/" done in 9.838 μs
[22:44:29] [main/TRACE] [REI] [REIPlugin END] Reloading Section: "start-reload/ItemComparatorRegistryImpl/"
[22:44:29] [main/TRACE] [REI] [REIPlugin END] Reloading Section: "start-reload/ItemComparatorRegistryImpl/" done in 6.673 μs
[22:44:29] [main/TRACE] [REI] [REIPlugin END] Reloading Section: "start-reload/FluidComparatorRegistryImpl/"
[22:44:29] [main/TRACE] [REI] [REIPlugin END] Reloading Section: "start-reload/FluidComparatorRegistryImpl/" done in 6.422 μs
[22:44:29] [main/TRACE] [REI] [REIPlugin END] Reloading Section: "start-reload/DisplaySerializerRegistryImpl/"
[22:44:29] [main/TRACE] [REI] [REIPlugin END] Reloading Section: "start-reload/DisplaySerializerRegistryImpl/" done in 13.75 μs
[22:44:29] [main/TRACE] [REI] [REIPlugin END] Reloading Section: "start-reload/FluidSupportProviderImpl/"
[22:44:29] [main/TRACE] [REI] [REIPlugin END] Reloading Section: "start-reload/FluidSupportProviderImpl/" done in 6.653 μs
[22:44:29] [main/TRACE] [REI] [REIPlugin END] Reloading Section: "start-reload/" done in 1.425 ms
[22:44:29] [main/DEBUG] [REI] ========================================
[22:44:29] [main/DEBUG] [REI] REIPlugin started main-reload for END.
[22:44:29] [main/DEBUG] [REI] ========================================
[22:44:29] [main/TRACE] [REI] [REIPlugin END] Reloading Section: "reloadable-plugin/EntryTypeRegistryImpl/"
[22:44:29] [main/TRACE] [REI] [REIPlugin END] Reloading Section: "reloadable-plugin/EntryTypeRegistryImpl/DefaultPluginImpl of DefaultPluginImpl [roughlyenoughitems]/"
[22:44:29] [main/TRACE] [REI] [REIPlugin END] Reloading Section: "reloadable-plugin/EntryTypeRegistryImpl/DefaultPluginImpl of DefaultPluginImpl [roughlyenoughitems]/" done in 15.86 μs
[22:44:29] [main/TRACE] [REI] [REIPlugin END] Reloading Section: "reloadable-plugin/EntryTypeRegistryImpl/DefaultRuntimePlugin of DefaultRuntimePlugin [roughlyenoughitems]/"
[22:44:29] [main/TRACE] [REI] [REIPlugin END] Reloading Section: "reloadable-plugin/EntryTypeRegistryImpl/DefaultRuntimePlugin of DefaultRuntimePlugin [roughlyenoughitems]/" done in 12.33 μs
[22:44:29] [main/TRACE] [REI] [REIPlugin END] Reloading Section: "reloadable-plugin/EntryTypeRegistryImpl/" done in 291.0 μs
[22:44:29] [main/TRACE] [REI] [REIPlugin END] Reloading Section: "reloadable-plugin/EntrySettingsAdapterRegistryImpl/"
[22:44:29] [main/TRACE] [REI] [REIPlugin END] Reloading Section: "reloadable-plugin/EntrySettingsAdapterRegistryImpl/DefaultPluginImpl of DefaultPluginImpl [roughlyenoughitems]/"
[22:44:29] [main/TRACE] [REI] [REIPlugin END] Reloading Section: "reloadable-plugin/EntrySettingsAdapterRegistryImpl/DefaultPluginImpl of DefaultPluginImpl [roughlyenoughitems]/" done in 19.80 μs
[22:44:29] [main/TRACE] [REI] [REIPlugin END] Reloading Section: "reloadable-plugin/EntrySettingsAdapterRegistryImpl/DefaultRuntimePlugin of DefaultRuntimePlugin [roughlyenoughitems]/"
[22:44:29] [main/TRACE] [REI] [REIPlugin END] Reloading Section: "reloadable-plugin/EntrySettingsAdapterRegistryImpl/DefaultRuntimePlugin of DefaultRuntimePlugin [roughlyenoughitems]/" done in 14.93 μs
[22:44:29] [main/TRACE] [REI] [REIPlugin END] Reloading Section: "reloadable-plugin/EntrySettingsAdapterRegistryImpl/" done in 298.4 μs
[22:44:29] [main/TRACE] [REI] [REIPlugin END] Reloading Section: "reloadable-plugin/RecipeManagerContextImpl/"
[22:44:29] [main/TRACE] [REI] [REIPlugin END] Reloading Section: "reloadable-plugin/RecipeManagerContextImpl/DefaultPluginImpl of DefaultPluginImpl [roughlyenoughitems]/"
[22:44:29] [main/TRACE] [REI] [REIPlugin END] Reloading Section: "reloadable-plugin/RecipeManagerContextImpl/DefaultPluginImpl of DefaultPluginImpl [roughlyenoughitems]/" done in 12.09 μs
[22:44:29] [main/TRACE] [REI] [REIPlugin END] Reloading Section: "reloadable-plugin/RecipeManagerContextImpl/DefaultRuntimePlugin of DefaultRuntimePlugin [roughlyenoughitems]/"
[22:44:29] [main/TRACE] [REI] [REIPlugin END] Reloading Section: "reloadable-plugin/RecipeManagerContextImpl/DefaultRuntimePlugin of DefaultRuntimePlugin [roughlyenoughitems]/" done in 11.79 μs
[22:44:29] [main/TRACE] [REI] [REIPlugin END] Reloading Section: "reloadable-plugin/RecipeManagerContextImpl/" done in 239.9 μs
[22:44:29] [main/TRACE] [REI] [REIPlugin END] Reloading Section: "reloadable-plugin/ItemComparatorRegistryImpl/"
[22:44:29] [main/TRACE] [REI] [REIPlugin END] Reloading Section: "reloadable-plugin/ItemComparatorRegistryImpl/DefaultPluginImpl of DefaultPluginImpl [roughlyenoughitems]/"
[22:44:29] [main/TRACE] [REI] [REIPlugin END] Reloading Section: "reloadable-plugin/ItemComparatorRegistryImpl/DefaultPluginImpl of DefaultPluginImpl [roughlyenoughitems]/" done in 9.909 μs
[22:44:29] [main/TRACE] [REI] [REIPlugin END] Reloading Section: "reloadable-plugin/ItemComparatorRegistryImpl/DefaultRuntimePlugin of DefaultRuntimePlugin [roughlyenoughitems]/"
[22:44:29] [main/TRACE] [REI] [REIPlugin END] Reloading Section: "reloadable-plugin/ItemComparatorRegistryImpl/DefaultRuntimePlugin of DefaultRuntimePlugin [roughlyenoughitems]/" done in 11.29 μs
[22:44:29] [main/TRACE] [REI] [REIPlugin END] Reloading Section: "reloadable-plugin/ItemComparatorRegistryImpl/" done in 221.3 μs
[22:44:29] [main/TRACE] [REI] [REIPlugin END] Reloading Section: "reloadable-plugin/FluidComparatorRegistryImpl/"
[22:44:29] [main/TRACE] [REI] [REIPlugin END] Reloading Section: "reloadable-plugin/FluidComparatorRegistryImpl/DefaultPluginImpl of DefaultPluginImpl [roughlyenoughitems]/"
[22:44:29] [main/TRACE] [REI] [REIPlugin END] Reloading Section: "reloadable-plugin/FluidComparatorRegistryImpl/DefaultPluginImpl of DefaultPluginImpl [roughlyenoughitems]/" done in 10.18 μs
[22:44:29] [main/TRACE] [REI] [REIPlugin END] Reloading Section: "reloadable-plugin/FluidComparatorRegistryImpl/DefaultRuntimePlugin of DefaultRuntimePlugin [roughlyenoughitems]/"
[22:44:29] [main/TRACE] [REI] [REIPlugin END] Reloading Section: "reloadable-plugin/FluidComparatorRegistryImpl/DefaultRuntimePlugin of DefaultRuntimePlugin [roughlyenoughitems]/" done in 10.43 μs
[22:44:29] [main/TRACE] [REI] [REIPlugin END] Reloading Section: "reloadable-plugin/FluidComparatorRegistryImpl/" done in 227.5 μs
[22:44:29] [main/TRACE] [REI] [REIPlugin END] Reloading Section: "reloadable-plugin/DisplaySerializerRegistryImpl/"
[22:44:29] [main/TRACE] [REI] [REIPlugin END] Reloading Section: "reloadable-plugin/DisplaySerializerRegistryImpl/DefaultPluginImpl of DefaultPluginImpl [roughlyenoughitems]/"
[22:44:29] [main/TRACE] [REI] [REIPlugin END] Reloading Section: "reloadable-plugin/DisplaySerializerRegistryImpl/DefaultPluginImpl of DefaultPluginImpl [roughlyenoughitems]/" done in 23.49 ms
[22:44:29] [main/TRACE] [REI] [REIPlugin END] Reloading Section: "reloadable-plugin/DisplaySerializerRegistryImpl/DefaultRuntimePlugin of DefaultRuntimePlugin [roughlyenoughitems]/"
[22:44:29] [main/TRACE] [REI] [REIPlugin END] Reloading Section: "reloadable-plugin/DisplaySerializerRegistryImpl/DefaultRuntimePlugin of DefaultRuntimePlugin [roughlyenoughitems]/" done in 23.69 μs
[22:44:29] [main/TRACE] [REI] [REIPlugin END] Reloading Section: "reloadable-plugin/DisplaySerializerRegistryImpl/" done in 24.02 ms
[22:44:29] [main/TRACE] [REI] [REIPlugin END] Reloading Section: "reloadable-plugin/FluidSupportProviderImpl/"
[22:44:29] [main/TRACE] [REI] [REIPlugin END] Reloading Section: "reloadable-plugin/FluidSupportProviderImpl/DefaultPluginImpl of DefaultPluginImpl [roughlyenoughitems]/"
[22:44:29] [main/TRACE] [REI] [REIPlugin END] Reloading Section: "reloadable-plugin/FluidSupportProviderImpl/DefaultPluginImpl of DefaultPluginImpl [roughlyenoughitems]/" done in 12.94 μs
[22:44:29] [main/TRACE] [REI] [REIPlugin END] Reloading Section: "reloadable-plugin/FluidSupportProviderImpl/DefaultRuntimePlugin of DefaultRuntimePlugin [roughlyenoughitems]/"
[22:44:29] [main/TRACE] [REI] [REIPlugin END] Reloading Section: "reloadable-plugin/FluidSupportProviderImpl/DefaultRuntimePlugin of DefaultRuntimePlugin [roughlyenoughitems]/" done in 40.22 μs
[22:44:29] [main/TRACE] [REI] [REIPlugin END] Reloading Section: "reloadable-plugin/FluidSupportProviderImpl/" done in 952.9 μs
[22:44:29] [main/DEBUG] [REI] ========================================
[22:44:29] [main/DEBUG] [REI] REIPlugin ending main-reload for END.
[22:44:29] [main/DEBUG] [REI] ========================================
[22:44:29] [main/TRACE] [REI] [REIPlugin END] Reloading Section: "end-reload/"
[22:44:29] [main/TRACE] [REI] [REIPlugin END] Reloading Section: "end-reload/EntryTypeRegistryImpl/"
[22:44:29] [main/TRACE] [REI] [REIPlugin END] Reloading Section: "end-reload/EntryTypeRegistryImpl/" done in 23.53 μs
[22:44:29] [main/TRACE] [REI] [REIPlugin END] Reloading Section: "end-reload/EntrySettingsAdapterRegistryImpl/"
[22:44:29] [main/TRACE] [REI] [REIPlugin END] Reloading Section: "end-reload/EntrySettingsAdapterRegistryImpl/" done in 6.211 μs
[22:44:29] [main/TRACE] [REI] [REIPlugin END] Reloading Section: "end-reload/RecipeManagerContextImpl/"
[22:44:29] [main/TRACE] [REI] [REIPlugin END] Reloading Section: "end-reload/RecipeManagerContextImpl/" done in 5.370 μs
[22:44:29] [main/TRACE] [REI] [REIPlugin END] Reloading Section: "end-reload/ItemComparatorRegistryImpl/"
[22:44:29] [main/TRACE] [REI] [REIPlugin END] Reloading Section: "end-reload/ItemComparatorRegistryImpl/" done in 5.521 μs
[22:44:29] [main/TRACE] [REI] [REIPlugin END] Reloading Section: "end-reload/FluidComparatorRegistryImpl/"
[22:44:29] [main/TRACE] [REI] [REIPlugin END] Reloading Section: "end-reload/FluidComparatorRegistryImpl/" done in 5.170 μs
[22:44:29] [main/TRACE] [REI] [REIPlugin END] Reloading Section: "end-reload/DisplaySerializerRegistryImpl/"
[22:44:29] [main/TRACE] [REI] [REIPlugin END] Reloading Section: "end-reload/DisplaySerializerRegistryImpl/" done in 5.020 μs
[22:44:29] [main/TRACE] [REI] [REIPlugin END] Reloading Section: "end-reload/FluidSupportProviderImpl/"
[22:44:29] [main/TRACE] [REI] [REIPlugin END] Reloading Section: "end-reload/FluidSupportProviderImpl/" done in 5.180 μs
[22:44:29] [main/TRACE] [REI] [REIPlugin END] Reloading Section: "end-reload/" done in 677.4 μs
[22:44:29] [main/DEBUG] [REI] ========================================
[22:44:29] [main/DEBUG] [REI] REIPlugin ended main-reload for END in 34.06 ms.
[22:44:29] [main/DEBUG] [REI] ========================================
[22:44:29] [main/INFO] [REI] @@@@@@@@@@@@@@@@@@@@@@@@@@@@@@@@@@@@@@@@
[22:44:29] [main/INFO] [REI] REIServerPlugin starting main-reload for END.
[22:44:29] [main/DEBUG] [REI] Reloadables (2):
[22:44:29] [main/DEBUG] [REI]  - MenuInfoRegistryImpl
[22:44:29] [main/DEBUG] [REI]  - SlotAccessorRegistryImpl
[22:44:29] [main/INFO] [REI] Plugins (2):
[22:44:29] [main/INFO] [REI]  - (-100.00) DefaultPluginImpl of DefaultPluginImpl [roughlyenoughitems]
[22:44:29] [main/INFO] [REI]  - (0.00) DefaultRuntimePlugin of DefaultRuntimePlugin [roughlyenoughitems]
[22:44:29] [main/INFO] [REI] @@@@@@@@@@@@@@@@@@@@@@@@@@@@@@@@@@@@@@@@
[22:44:29] [main/TRACE] [REI] [REIServerPlugin END] Reloading Section: "start-reload/"
[22:44:29] [main/TRACE] [REI] [REIServerPlugin END] Reloading Section: "start-reload/MenuInfoRegistryImpl/"
[22:44:29] [main/TRACE] [REI] [REIServerPlugin END] Reloading Section: "start-reload/MenuInfoRegistryImpl/" done in 19.27 μs
[22:44:29] [main/TRACE] [REI] [REIServerPlugin END] Reloading Section: "start-reload/SlotAccessorRegistryImpl/"
[22:44:29] [main/TRACE] [REI] [REIServerPlugin END] Reloading Section: "start-reload/SlotAccessorRegistryImpl/" done in 14.78 μs
[22:44:29] [main/TRACE] [REI] [REIServerPlugin END] Reloading Section: "start-reload/" done in 259.2 μs
[22:44:29] [main/DEBUG] [REI] ========================================
[22:44:29] [main/DEBUG] [REI] REIServerPlugin started main-reload for END.
[22:44:29] [main/DEBUG] [REI] ========================================
[22:44:29] [main/TRACE] [REI] [REIServerPlugin END] Reloading Section: "reloadable-plugin/MenuInfoRegistryImpl/"
[22:44:29] [main/TRACE] [REI] [REIServerPlugin END] Reloading Section: "reloadable-plugin/MenuInfoRegistryImpl/DefaultPluginImpl of DefaultPluginImpl [roughlyenoughitems]/"
[22:44:29] [main/TRACE] [REI] [REIServerPlugin END] Reloading Section: "reloadable-plugin/MenuInfoRegistryImpl/DefaultPluginImpl of DefaultPluginImpl [roughlyenoughitems]/" done in 27.43 μs
[22:44:29] [main/TRACE] [REI] [REIServerPlugin END] Reloading Section: "reloadable-plugin/MenuInfoRegistryImpl/DefaultRuntimePlugin of DefaultRuntimePlugin [roughlyenoughitems]/"
[22:44:29] [main/TRACE] [REI] [REIServerPlugin END] Reloading Section: "reloadable-plugin/MenuInfoRegistryImpl/DefaultRuntimePlugin of DefaultRuntimePlugin [roughlyenoughitems]/" done in 11.32 μs
[22:44:29] [main/TRACE] [REI] [REIServerPlugin END] Reloading Section: "reloadable-plugin/MenuInfoRegistryImpl/" done in 372.7 μs
[22:44:29] [main/TRACE] [REI] [REIServerPlugin END] Reloading Section: "reloadable-plugin/SlotAccessorRegistryImpl/"
[22:44:29] [main/TRACE] [REI] [REIServerPlugin END] Reloading Section: "reloadable-plugin/SlotAccessorRegistryImpl/DefaultPluginImpl of DefaultPluginImpl [roughlyenoughitems]/"
[22:44:29] [main/TRACE] [REI] [REIServerPlugin END] Reloading Section: "reloadable-plugin/SlotAccessorRegistryImpl/DefaultPluginImpl of DefaultPluginImpl [roughlyenoughitems]/" done in 18.97 μs
[22:44:29] [main/TRACE] [REI] [REIServerPlugin END] Reloading Section: "reloadable-plugin/SlotAccessorRegistryImpl/DefaultRuntimePlugin of DefaultRuntimePlugin [roughlyenoughitems]/"
[22:44:29] [main/DEBUG] [REI] Added slot accessor serializer: me.shedaniel.rei.plugin.common.runtime.DefaultRuntimePlugin$1@2458642f [roughlyenoughitems:vanilla]
[22:44:29] [main/DEBUG] [REI] Added slot accessor serializer: me.shedaniel.rei.plugin.common.runtime.DefaultRuntimePlugin$2@1291b3fa [roughlyenoughitems:player]
[22:44:29] [main/TRACE] [REI] [REIServerPlugin END] Reloading Section: "reloadable-plugin/SlotAccessorRegistryImpl/DefaultRuntimePlugin of DefaultRuntimePlugin [roughlyenoughitems]/" done in 2.474 ms
[22:44:29] [main/TRACE] [REI] [REIServerPlugin END] Reloading Section: "reloadable-plugin/SlotAccessorRegistryImpl/" done in 2.702 ms
[22:44:29] [main/DEBUG] [REI] ========================================
[22:44:29] [main/DEBUG] [REI] REIServerPlugin ending main-reload for END.
[22:44:29] [main/DEBUG] [REI] ========================================
[22:44:29] [main/TRACE] [REI] [REIServerPlugin END] Reloading Section: "end-reload/"
[22:44:29] [main/TRACE] [REI] [REIServerPlugin END] Reloading Section: "end-reload/MenuInfoRegistryImpl/"
[22:44:29] [main/DEBUG] [REI] Registered 0 menu infos
[22:44:29] [main/TRACE] [REI] [REIServerPlugin END] Reloading Section: "end-reload/MenuInfoRegistryImpl/" done in 107.5 μs
[22:44:29] [main/TRACE] [REI] [REIServerPlugin END] Reloading Section: "end-reload/SlotAccessorRegistryImpl/"
[22:44:29] [main/DEBUG] [REI] Registered 2 slot accessor serializers
[22:44:29] [main/TRACE] [REI] [REIServerPlugin END] Reloading Section: "end-reload/SlotAccessorRegistryImpl/" done in 96.28 μs
[22:44:29] [main/TRACE] [REI] [REIServerPlugin END] Reloading Section: "end-reload/" done in 421.6 μs
[22:44:29] [main/DEBUG] [REI] ========================================
[22:44:29] [main/DEBUG] [REI] REIServerPlugin ended main-reload for END in 5.622 ms.
[22:44:29] [main/DEBUG] [REI] ========================================
[22:44:29] [main/DEBUG] [REI] ========================================
[22:44:29] [main/DEBUG] [REI] REIPlugin starting post-reload for END.
[22:44:29] [main/DEBUG] [REI] Reloadables (7):
[22:44:29] [main/DEBUG] [REI]  - EntryTypeRegistryImpl
[22:44:29] [main/DEBUG] [REI]  - EntrySettingsAdapterRegistryImpl
[22:44:29] [main/DEBUG] [REI]  - RecipeManagerContextImpl
[22:44:29] [main/DEBUG] [REI]  - ItemComparatorRegistryImpl
[22:44:29] [main/DEBUG] [REI]  - FluidComparatorRegistryImpl
[22:44:29] [main/DEBUG] [REI]  - DisplaySerializerRegistryImpl
[22:44:29] [main/DEBUG] [REI]  - FluidSupportProviderImpl
[22:44:29] [main/DEBUG] [REI] Plugins (2):
[22:44:29] [main/DEBUG] [REI]  - (-100.00) DefaultPluginImpl of DefaultPluginImpl [roughlyenoughitems]
[22:44:29] [main/DEBUG] [REI]  - (0.00) DefaultRuntimePlugin of DefaultRuntimePlugin [roughlyenoughitems]
[22:44:29] [main/DEBUG] [REI] ========================================
[22:44:29] [main/TRACE] [REI] [REIPlugin END] Reloading Section: "post-register/"
[22:44:29] [main/TRACE] [REI] [REIPlugin END] Reloading Section: "post-register/DefaultPluginImpl of DefaultPluginImpl [roughlyenoughitems]/"
[22:44:29] [main/TRACE] [REI] [REIPlugin END] Reloading Section: "post-register/DefaultPluginImpl of DefaultPluginImpl [roughlyenoughitems]/" done in 9.998 μs
[22:44:29] [main/TRACE] [REI] [REIPlugin END] Reloading Section: "post-register/DefaultRuntimePlugin of DefaultRuntimePlugin [roughlyenoughitems]/"
[22:44:29] [main/TRACE] [REI] [REIPlugin END] Reloading Section: "post-register/DefaultRuntimePlugin of DefaultRuntimePlugin [roughlyenoughitems]/" done in 8.216 μs
[22:44:29] [main/TRACE] [REI] [REIPlugin END] Reloading Section: "post-register/" done in 298.2 μs
[22:44:29] [main/TRACE] [REI] [REIPlugin END] Reloading Section: "post-stage/"
[22:44:29] [main/TRACE] [REI] [REIPlugin END] Reloading Section: "post-stage/EntryTypeRegistryImpl/"
[22:44:29] [main/TRACE] [REI] [REIPlugin END] Reloading Section: "post-stage/EntryTypeRegistryImpl/" done in 5.961 μs
[22:44:29] [main/TRACE] [REI] [REIPlugin END] Reloading Section: "post-stage/EntrySettingsAdapterRegistryImpl/"
[22:44:29] [main/TRACE] [REI] [REIPlugin END] Reloading Section: "post-stage/EntrySettingsAdapterRegistryImpl/" done in 27.00 μs
[22:44:29] [main/TRACE] [REI] [REIPlugin END] Reloading Section: "post-stage/RecipeManagerContextImpl/"
[22:44:29] [main/TRACE] [REI] [REIPlugin END] Reloading Section: "post-stage/RecipeManagerContextImpl/" done in 5.931 μs
[22:44:29] [main/TRACE] [REI] [REIPlugin END] Reloading Section: "post-stage/ItemComparatorRegistryImpl/"
[22:44:29] [main/TRACE] [REI] [REIPlugin END] Reloading Section: "post-stage/ItemComparatorRegistryImpl/" done in 6.301 μs
[22:44:29] [main/TRACE] [REI] [REIPlugin END] Reloading Section: "post-stage/FluidComparatorRegistryImpl/"
[22:44:29] [main/TRACE] [REI] [REIPlugin END] Reloading Section: "post-stage/FluidComparatorRegistryImpl/" done in 6.562 μs
[22:44:29] [main/TRACE] [REI] [REIPlugin END] Reloading Section: "post-stage/DisplaySerializerRegistryImpl/"
[22:44:29] [main/TRACE] [REI] [REIPlugin END] Reloading Section: "post-stage/DisplaySerializerRegistryImpl/" done in 6.152 μs
[22:44:29] [main/TRACE] [REI] [REIPlugin END] Reloading Section: "post-stage/FluidSupportProviderImpl/"
[22:44:29] [main/TRACE] [REI] [REIPlugin END] Reloading Section: "post-stage/FluidSupportProviderImpl/" done in 5.971 μs
[22:44:29] [main/TRACE] [REI] [REIPlugin END] Reloading Section: "post-stage/" done in 1.246 ms
[22:44:29] [main/DEBUG] [REI] ========================================
[22:44:29] [main/INFO] [REI] REIPlugin finished post-reload for END in 1.760 ms, totaling 39.61 ms.
[22:44:29] [main/DEBUG] [REI] ========================================
[22:44:29] [main/DEBUG] [REI] ========================================
[22:44:29] [main/DEBUG] [REI] REIServerPlugin starting post-reload for END.
[22:44:29] [main/DEBUG] [REI] Reloadables (2):
[22:44:29] [main/DEBUG] [REI]  - MenuInfoRegistryImpl
[22:44:29] [main/DEBUG] [REI]  - SlotAccessorRegistryImpl
[22:44:29] [main/DEBUG] [REI] Plugins (2):
[22:44:29] [main/DEBUG] [REI]  - (-100.00) DefaultPluginImpl of DefaultPluginImpl [roughlyenoughitems]
[22:44:29] [main/DEBUG] [REI]  - (0.00) DefaultRuntimePlugin of DefaultRuntimePlugin [roughlyenoughitems]
[22:44:29] [main/DEBUG] [REI] ========================================
[22:44:29] [main/TRACE] [REI] [REIServerPlugin END] Reloading Section: "post-register/"
[22:44:29] [main/TRACE] [REI] [REIServerPlugin END] Reloading Section: "post-register/DefaultPluginImpl of DefaultPluginImpl [roughlyenoughitems]/"
[22:44:29] [main/TRACE] [REI] [REIServerPlugin END] Reloading Section: "post-register/DefaultPluginImpl of DefaultPluginImpl [roughlyenoughitems]/" done in 9.278 μs
[22:44:29] [main/TRACE] [REI] [REIServerPlugin END] Reloading Section: "post-register/DefaultRuntimePlugin of DefaultRuntimePlugin [roughlyenoughitems]/"
[22:44:29] [main/TRACE] [REI] [REIServerPlugin END] Reloading Section: "post-register/DefaultRuntimePlugin of DefaultRuntimePlugin [roughlyenoughitems]/" done in 9.228 μs
[22:44:29] [main/TRACE] [REI] [REIServerPlugin END] Reloading Section: "post-register/" done in 359.4 μs
[22:44:29] [main/TRACE] [REI] [REIServerPlugin END] Reloading Section: "post-stage/"
[22:44:29] [main/TRACE] [REI] [REIServerPlugin END] Reloading Section: "post-stage/MenuInfoRegistryImpl/"
[22:44:29] [main/TRACE] [REI] [REIServerPlugin END] Reloading Section: "post-stage/MenuInfoRegistryImpl/" done in 6.532 μs
[22:44:29] [main/TRACE] [REI] [REIServerPlugin END] Reloading Section: "post-stage/SlotAccessorRegistryImpl/"
[22:44:29] [main/TRACE] [REI] [REIServerPlugin END] Reloading Section: "post-stage/SlotAccessorRegistryImpl/" done in 5.450 μs
[22:44:29] [main/TRACE] [REI] [REIServerPlugin END] Reloading Section: "post-stage/" done in 370.7 μs
[22:44:29] [main/DEBUG] [REI] ========================================
[22:44:29] [main/INFO] [REI] REIServerPlugin finished post-reload for END in 985.4 μs, totaling 9.277 ms.
[22:44:29] [main/DEBUG] [REI] ========================================
